<?xml version="1.0" encoding="UTF-8"?>
<coverage generated="1655350704114" clover="3.2.0">
  <project timestamp="1655350704114" name="All files">
    <metrics statements="24" coveredstatements="22" conditionals="5" coveredconditionals="5" methods="6" coveredmethods="5" elements="35" coveredelements="32" complexity="0" loc="24" ncloc="24" packages="1" files="1" classes="1"/>
    <file name="createApp.js" path="D:\JavaScript\pagination-mongodb\src\v1\utils\createApp.js">
      <metrics statements="24" coveredstatements="22" conditionals="5" coveredconditionals="5" methods="6" coveredmethods="5"/>
      <line num="1" count="1" type="cond" truecount="1" falsecount="0"/>
      <line num="2" count="1" type="stmt"/>
      <line num="3" count="1" type="stmt"/>
      <line num="4" count="1" type="stmt"/>
      <line num="5" count="1" type="cond" truecount="1" falsecount="0"/>
      <line num="6" count="1" type="cond" truecount="1" falsecount="0"/>
      <line num="7" count="2" type="stmt"/>
      <line num="8" count="2" type="stmt"/>
      <line num="9" count="2" type="stmt"/>
      <line num="10" count="2" type="stmt"/>
      <line num="11" count="2" type="stmt"/>
      <line num="12" count="1" type="stmt"/>
      <line num="13" count="0" type="stmt"/>
      <line num="14" count="0" type="stmt"/>
      <line num="15" count="1" type="cond" truecount="1" falsecount="0"/>
      <line num="16" count="1" type="stmt"/>
      <line num="17" count="1" type="stmt"/>
      <line num="18" count="1" type="cond" truecount="1" falsecount="0"/>
      <line num="19" count="2" type="stmt"/>
      <line num="20" count="2" type="stmt"/>
      <line num="21" count="1" type="stmt"/>
      <line num="22" count="1" type="stmt"/>
      <line num="23" count="1" type="stmt"/>
      <line num="24" count="1" type="stmt"/>
    </file>
  </project>
</coverage>
