{"D:\\JavaScript\\pagination-mongodb\\src\\v1\\utils\\createApp.js": {"path":"D:\\JavaScript\\pagination-mongodb\\src\\v1\\utils\\createApp.js","all":false,"statementMap":{"0":{"start":{"line":1,"column":0},"end":{"line":1,"column":25}},"1":{"start":{"line":2,"column":0},"end":{"line":2,"column":20}},"2":{"start":{"line":3,"column":0},"end":{"line":3,"column":0}},"3":{"start":{"line":4,"column":0},"end":{"line":4,"column":12}},"4":{"start":{"line":5,"column":0},"end":{"line":5,"column":40}},"5":{"start":{"line":6,"column":0},"end":{"line":6,"column":35}},"6":{"start":{"line":7,"column":0},"end":{"line":7,"column":23}},"7":{"start":{"line":8,"column":0},"end":{"line":8,"column":21}},"8":{"start":{"line":9,"column":0},"end":{"line":9,"column":21}},"9":{"start":{"line":10,"column":0},"end":{"line":10,"column":14}},"10":{"start":{"line":11,"column":0},"end":{"line":11,"column":10}},"11":{"start":{"line":12,"column":0},"end":{"line":12,"column":32}},"12":{"start":{"line":13,"column":0},"end":{"line":13,"column":33}},"13":{"start":{"line":14,"column":0},"end":{"line":14,"column":10}},"14":{"start":{"line":15,"column":0},"end":{"line":15,"column":24}},"15":{"start":{"line":16,"column":0},"end":{"line":16,"column":29}},"16":{"start":{"line":17,"column":0},"end":{"line":17,"column":10}},"17":{"start":{"line":18,"column":0},"end":{"line":18,"column":23}},"18":{"start":{"line":19,"column":0},"end":{"line":19,"column":31}},"19":{"start":{"line":20,"column":0},"end":{"line":20,"column":9}},"20":{"start":{"line":21,"column":0},"end":{"line":21,"column":5}},"21":{"start":{"line":22,"column":0},"end":{"line":22,"column":1}},"22":{"start":{"line":23,"column":0},"end":{"line":23,"column":0}},"23":{"start":{"line":24,"column":0},"end":{"line":24,"column":28}}},"s":{"0":1,"1":1,"2":1,"3":1,"4":1,"5":1,"6":2,"7":2,"8":2,"9":2,"10":2,"11":1,"12":0,"13":0,"14":1,"15":1,"16":1,"17":1,"18":2,"19":2,"20":1,"21":1,"22":1,"23":1},"branchMap":{"0":{"type":"branch","line":1,"loc":{"start":{"line":1,"column":18},"end":{"line":22,"column":1}},"locations":[{"start":{"line":1,"column":18},"end":{"line":22,"column":1}}]},"1":{"type":"branch","line":5,"loc":{"start":{"line":5,"column":18},"end":{"line":5,"column":33}},"locations":[{"start":{"line":5,"column":18},"end":{"line":5,"column":33}}]},"2":{"type":"branch","line":6,"loc":{"start":{"line":6,"column":17},"end":{"line":11,"column":10}},"locations":[{"start":{"line":6,"column":17},"end":{"line":11,"column":10}}]},"3":{"type":"branch","line":15,"loc":{"start":{"line":15,"column":17},"end":{"line":17,"column":10}},"locations":[{"start":{"line":15,"column":17},"end":{"line":17,"column":10}}]},"4":{"type":"branch","line":18,"loc":{"start":{"line":18,"column":16},"end":{"line":20,"column":9}},"locations":[{"start":{"line":18,"column":16},"end":{"line":20,"column":9}}]}},"b":{"0":[1],"1":[2],"2":[2],"3":[1],"4":[2]},"fnMap":{"0":{"name":"createApp","decl":{"start":{"line":1,"column":18},"end":{"line":22,"column":1}},"loc":{"start":{"line":1,"column":18},"end":{"line":22,"column":1}},"line":1},"1":{"name":"getBook","decl":{"start":{"line":5,"column":18},"end":{"line":5,"column":33}},"loc":{"start":{"line":5,"column":18},"end":{"line":5,"column":33}},"line":5},"2":{"name":"setBook","decl":{"start":{"line":6,"column":17},"end":{"line":11,"column":10}},"loc":{"start":{"line":6,"column":17},"end":{"line":11,"column":10}},"line":6},"3":{"name":"deleteBook","decl":{"start":{"line":12,"column":21},"end":{"line":14,"column":10}},"loc":{"start":{"line":12,"column":21},"end":{"line":14,"column":10}},"line":12},"4":{"name":"showAll","decl":{"start":{"line":15,"column":17},"end":{"line":17,"column":10}},"loc":{"start":{"line":15,"column":17},"end":{"line":17,"column":10}},"line":15},"5":{"name":"length","decl":{"start":{"line":18,"column":16},"end":{"line":20,"column":9}},"loc":{"start":{"line":18,"column":16},"end":{"line":20,"column":9}},"line":18}},"f":{"0":1,"1":2,"2":2,"3":0,"4":1,"5":2}}
}
