TN:
SF:src\v1\utils\createApp.js
FN:1,createApp
FN:5,getBook
FN:6,setBook
FN:12,deleteBook
FN:15,showAll
FN:18,length
FNF:6
FNH:5
FNDA:1,createApp
FNDA:2,getBook
FNDA:2,setBook
FNDA:0,deleteBook
FNDA:1,showAll
FNDA:2,length
DA:1,1
DA:2,1
DA:3,1
DA:4,1
DA:5,1
DA:6,1
DA:7,2
DA:8,2
DA:9,2
DA:10,2
DA:11,2
DA:12,1
DA:13,0
DA:14,0
DA:15,1
DA:16,1
DA:17,1
DA:18,1
DA:19,2
DA:20,2
DA:21,1
DA:22,1
DA:23,1
DA:24,1
LF:24
LH:22
BRDA:1,0,0,1
BRDA:5,1,0,2
BRDA:6,2,0,2
BRDA:15,3,0,1
BRDA:18,4,0,2
BRF:5
BRH:5
end_of_record
